0 info it worked if it ends with ok
1 verbose cli [ 'C:\\Program Files\\nodejs\\node.exe',
1 verbose cli   'C:\\Program Files\\nodejs\\node_modules\\npm\\bin\\npm-cli.js',
1 verbose cli   'run',
1 verbose cli   'dev' ]
2 info using npm@3.10.10
3 info using node@v6.10.0
4 verbose run-script [ 'predev', 'dev', 'postdev' ]
5 info lifecycle stodtradl@0.0.1~predev: stodtradl@0.0.1
6 silly lifecycle stodtradl@0.0.1~predev: no script for predev, continuing
7 info lifecycle stodtradl@0.0.1~dev: stodtradl@0.0.1
8 verbose lifecycle stodtradl@0.0.1~dev: unsafe-perm in lifecycle true
9 verbose lifecycle stodtradl@0.0.1~dev: PATH: C:\Program Files\nodejs\node_modules\npm\bin\node-gyp-bin;C:\Users\Michael\stodtradl\node_modules\.bin;C:\Program Files\Docker\Docker\Resources\bin;C:\ProgramData\Oracle\Java\javapath;C:\WINDOWS\system32;C:\WINDOWS;C:\WINDOWS\System32\Wbem;C:\WINDOWS\System32\WindowsPowerShell\v1.0\;C:\Program Files\Git\cmd;C:\Program Files (x86)\Skype\Phone\;C:\Program Files\MiKTeX 2.9\miktex\bin\x64\;C:\Program Files\nodejs\;C:\Users\Michael\AppData\Local\Microsoft\WindowsApps;C:\Users\Michael\AppData\Roaming\npm
10 verbose lifecycle stodtradl@0.0.1~dev: CWD: C:\Users\Michael\stodtradl
11 silly lifecycle stodtradl@0.0.1~dev: Args: [ '/d /s /c',
11 silly lifecycle   'tsc && concurrently "nodemon ./server/index --watch server" "gulp"' ]
12 silly lifecycle stodtradl@0.0.1~dev: Returned: code: 2  signal: null
13 info lifecycle stodtradl@0.0.1~dev: Failed to exec dev script
14 verbose stack Error: stodtradl@0.0.1 dev: `tsc && concurrently "nodemon ./server/index --watch server" "gulp"`
14 verbose stack Exit status 2
14 verbose stack     at EventEmitter.<anonymous> (C:\Program Files\nodejs\node_modules\npm\lib\utils\lifecycle.js:255:16)
14 verbose stack     at emitTwo (events.js:106:13)
14 verbose stack     at EventEmitter.emit (events.js:191:7)
14 verbose stack     at ChildProcess.<anonymous> (C:\Program Files\nodejs\node_modules\npm\lib\utils\spawn.js:40:14)
14 verbose stack     at emitTwo (events.js:106:13)
14 verbose stack     at ChildProcess.emit (events.js:191:7)
14 verbose stack     at maybeClose (internal/child_process.js:877:16)
14 verbose stack     at Process.ChildProcess._handle.onexit (internal/child_process.js:226:5)
15 verbose pkgid stodtradl@0.0.1
16 verbose cwd C:\Users\Michael\stodtradl\server
17 error Windows_NT 10.0.14393
18 error argv "C:\\Program Files\\nodejs\\node.exe" "C:\\Program Files\\nodejs\\node_modules\\npm\\bin\\npm-cli.js" "run" "dev"
19 error node v6.10.0
20 error npm  v3.10.10
21 error code ELIFECYCLE
22 error stodtradl@0.0.1 dev: `tsc && concurrently "nodemon ./server/index --watch server" "gulp"`
22 error Exit status 2
23 error Failed at the stodtradl@0.0.1 dev script 'tsc && concurrently "nodemon ./server/index --watch server" "gulp"'.
23 error Make sure you have the latest version of node.js and npm installed.
23 error If you do, this is most likely a problem with the stodtradl package,
23 error not with npm itself.
23 error Tell the author that this fails on your system:
23 error     tsc && concurrently "nodemon ./server/index --watch server" "gulp"
23 error You can get information on how to open an issue for this project with:
23 error     npm bugs stodtradl
23 error Or if that isn't available, you can get their info via:
23 error     npm owner ls stodtradl
23 error There is likely additional logging output above.
24 verbose exit [ 1, true ]
